<?xml version="1.0" encoding="UTF-8"?>
<testng-results ignored="0" total="1" passed="1" failed="0" skipped="0">
  <reporter-output>
  </reporter-output>
  <suite started-at="2023-12-07T11:48:55 IST" name="Surefire suite" finished-at="2023-12-07T11:49:13 IST" duration-ms="18508">
    <groups>
    </groups>
    <test started-at="2023-12-07T11:48:55 IST" name="Surefire test" finished-at="2023-12-07T11:49:13 IST" duration-ms="18508">
      <class name="WebSecu.BDDSecuTest.AppTest">
        <test-method signature="testApp()" started-at="2023-12-07T11:49:13 IST" name="testApp" finished-at="2023-12-07T11:49:13 IST" duration-ms="3" status="PASS">
          <reporter-output>
          </reporter-output>
        </test-method> <!-- testApp -->
      </class> <!-- WebSecu.BDDSecuTest.AppTest -->
    </test> <!-- Surefire test -->
  </suite> <!-- Surefire suite -->
</testng-results>
